<?xml version="1.0" encoding="utf-8"?>
<androidx.constraintlayout.widget.ConstraintLayout xmlns:android="http://schemas.android.com/apk/res/android"
    xmlns:app="http://schemas.android.com/apk/res-auto"
    xmlns:tools="http://schemas.android.com/tools"
    android:id="@+id/linearLayout"
    android:layout_width="match_parent"
    android:layout_height="match_parent"
    android:background="#F4DD95"
    android:gravity="center">

    <TextView
        android:id="@+id/textView"
        android:layout_width="wrap_content"
        android:layout_height="wrap_content"
        android:layout_marginTop="35dp"
        android:fontFamily="@font/katuri"
        android:text="진단검사 유형별 결과"
        android:textColor="#000000"
        android:textSize="30sp"
        app:layout_constraintEnd_toEndOf="parent"
        app:layout_constraintStart_toStartOf="parent"
        app:layout_constraintTop_toTopOf="parent" />

    <com.github.mikephil.charting.charts.LineChart
        android:id="@+id/chart"
        android:layout_width="500dp"
        android:layout_height="500dp"
        android:layout_marginStart="100dp"
        android:layout_marginTop="100dp"
        android:layout_marginEnd="700dp"
        android:layout_marginBottom="50dp"
        android:background="@color/white"
        app:layout_constraintBottom_toTopOf="@+id/textView2"
        app:layout_constraintEnd_toEndOf="parent"
        app:layout_constraintHorizontal_bias="0.15"
        app:layout_constraintStart_toStartOf="parent"
        app:layout_constraintTop_toTopOf="parent" />

    <com.github.mikephil.charting.charts.HorizontalBarChart
        android:id="@+id/chart2"
        android:layout_width="500dp"
        android:layout_height="500dp"
        android:layout_marginStart="700dp"
        android:layout_marginEnd="100dp"
        android:layout_marginBottom="50dp"
        android:background="@color/white"
        app:layout_constraintBottom_toBottomOf="@+id/chart"
        app:layout_constraintEnd_toEndOf="parent"
        app:layout_constraintHorizontal_bias="0.65"
        app:layout_constraintStart_toStartOf="parent"
        app:layout_constraintTop_toTopOf="@+id/chart"
        app:layout_constraintVertical_bias="0.0" />

    <TextView
        android:id="@+id/textView2"
        android:layout_width="wrap_content"
        android:layout_height="wrap_content"
        android:layout_gravity="center"
        android:layout_marginEnd="50dp"
        android:layout_marginBottom="50dp"
        android:fontFamily="@font/katuri"
        android:gravity="center"
        android:text="난독증 판단검사 해설내용이 들어갈 자리"
        android:textSize="30sp"
        app:layout_constraintBottom_toBottomOf="parent"
        app:layout_constraintEnd_toEndOf="parent"
        app:layout_constraintStart_toStartOf="parent" />

    <Button
        android:id="@+id/button"
        android:layout_width="250dp"
        android:layout_height="60dp"
        android:layout_marginStart="50dp"
        android:layout_marginTop="40dp"
        android:layout_marginEnd="20dp"
        android:layout_marginBottom="10dp"
        android:background="#E04EA339"
        android:fontFamily="@font/katuri"
        android:text="확인 완료"
        android:textColor="#000000"
        android:textSize="30dp"
        app:backgroundTint="#E04EA339"
        app:layout_constraintBottom_toBottomOf="parent"
        app:layout_constraintEnd_toEndOf="parent"
        app:layout_constraintHorizontal_bias="1.0"
        app:layout_constraintStart_toEndOf="@+id/textView2"
        app:layout_constraintTop_toBottomOf="@+id/chart"
        app:layout_constraintVertical_bias="0.0"
        app:strokeColor="@color/black" />


</androidx.constraintlayout.widget.ConstraintLayout>